<?xml version="1.0" encoding="UTF-8"?>
<!-- Generated by org.testng.reporters.JUnitReportReporter -->
<testsuite hostname="vAdminPC" name="com.example.tests.AlsoGroupCreationTests" tests="2" failures="0" timestamp="3 Aug 2014 15:28:44 GMT" time="2.028" errors="0">
  <testcase name="testNonEmptyGroupCreation" time="1.045" classname="com.example.tests.AlsoGroupCreationTests"/>
  <testcase name="testEmptyGroupCreation" time="0.983" classname="com.example.tests.AlsoGroupCreationTests"/>
</testsuite> <!-- com.example.tests.AlsoGroupCreationTests -->
