<?xml version="1.0" encoding="UTF-8"?>
<!-- Generated by org.testng.reporters.JUnitReportReporter -->
<testsuite hostname="vAdminPC" name="com.addressbook.tests.GroupCreationTests" tests="2" failures="0" timestamp="6 Aug 2014 00:21:34 GMT" time="2.167" errors="0">
  <testcase name="testEmptyGroupCreation" time="1.034" classname="com.addressbook.tests.GroupCreationTests"/>
  <testcase name="testNonEmptyGroupCreation" time="1.133" classname="com.addressbook.tests.GroupCreationTests"/>
</testsuite> <!-- com.addressbook.tests.GroupCreationTests -->
