<?xml version="1.0" encoding="UTF-8"?>
<!-- Generated by org.testng.reporters.JUnitReportReporter -->
<testsuite hostname="vAdminPC" name="com.addressbook.tests.ContactCreationTests" tests="2" failures="0" timestamp="6 Aug 2014 00:21:34 GMT" time="4.125" errors="0">
  <testcase name="testEmptyContactCreation" time="1.771" classname="com.addressbook.tests.ContactCreationTests"/>
  <testcase name="testContactCreation" time="2.354" classname="com.addressbook.tests.ContactCreationTests"/>
</testsuite> <!-- com.addressbook.tests.ContactCreationTests -->
