<?xml version="1.0" encoding="UTF-8"?>
<!-- Generated by org.testng.reporters.JUnitReportReporter -->
<testsuite hostname="vAdminPC" name="com.example.tests.GroupCreationTests" tests="2" failures="0" timestamp="3 Aug 2014 15:28:44 GMT" time="2.434" errors="0">
  <testcase name="testEmptyGroupCreation" time="1.404" classname="com.example.tests.GroupCreationTests"/>
  <testcase name="testNonEmptyGroupCreation" time="1.030" classname="com.example.tests.GroupCreationTests"/>
</testsuite> <!-- com.example.tests.GroupCreationTests -->
