<?xml version="1.0" encoding="UTF-8"?>
<!-- Generated by org.testng.reporters.JUnitReportReporter -->
<testsuite hostname="vAdminPC" name="com.example.tests.GroupCreationTests" tests="2" failures="0" timestamp="5 Aug 2014 21:56:16 GMT" time="2.652" errors="0">
  <testcase name="testNonEmptyGroupCreation" time="1.248" classname="com.example.tests.GroupCreationTests"/>
  <testcase name="testEmptyGroupCreation" time="1.404" classname="com.example.tests.GroupCreationTests"/>
</testsuite> <!-- com.example.tests.GroupCreationTests -->
