<?xml version="1.0" encoding="UTF-8"?>
<!-- Generated by org.testng.reporters.JUnitReportReporter -->
<testsuite hostname="vAdminPC" name="com.example.tests.AlsoGroupCreationTests" tests="2" failures="0" timestamp="3 Aug 2014 15:46:40 GMT" time="2.090" errors="0">
  <testcase name="testNonEmptyGroupCreation" time="1.092" classname="com.example.tests.AlsoGroupCreationTests"/>
  <testcase name="testEmptyGroupCreation" time="0.998" classname="com.example.tests.AlsoGroupCreationTests"/>
</testsuite> <!-- com.example.tests.AlsoGroupCreationTests -->
