<?xml version="1.0" encoding="UTF-8"?>
<!-- Generated by org.testng.reporters.JUnitReportReporter -->
<testsuite hostname="vAdminPC" name="com.example.tests.ContactCreationTests" tests="2" failures="0" timestamp="5 Aug 2014 21:56:16 GMT" time="4.228" errors="0">
  <testcase name="testContactCreation" time="2.278" classname="com.example.tests.ContactCreationTests"/>
  <testcase name="testEmptyContactCreation" time="1.950" classname="com.example.tests.ContactCreationTests"/>
</testsuite> <!-- com.example.tests.ContactCreationTests -->
